2019-04-11T03:17:08.554+0000 I CONTROL  [main] Automatically disabling TLS 1.0, to force-enable TLS 1.0 specify --sslDisabledProtocols 'none'
2019-04-11T03:17:08.560+0000 I CONTROL  [initandlisten] MongoDB starting : pid=7965 port=27017 dbpath=/home/sadam/Node/CSC309/mongo-data/ 64-bit host=eclipse-grimoir
2019-04-11T03:17:08.560+0000 I CONTROL  [initandlisten] db version v4.0.6
2019-04-11T03:17:08.560+0000 I CONTROL  [initandlisten] git version: caa42a1f75a56c7643d0b68d3880444375ec42e3
2019-04-11T03:17:08.560+0000 I CONTROL  [initandlisten] OpenSSL version: OpenSSL 1.0.2g  1 Mar 2016
2019-04-11T03:17:08.560+0000 I CONTROL  [initandlisten] allocator: tcmalloc
2019-04-11T03:17:08.560+0000 I CONTROL  [initandlisten] modules: none
2019-04-11T03:17:08.560+0000 I CONTROL  [initandlisten] build environment:
2019-04-11T03:17:08.560+0000 I CONTROL  [initandlisten]     distmod: ubuntu1604
2019-04-11T03:17:08.560+0000 I CONTROL  [initandlisten]     distarch: x86_64
2019-04-11T03:17:08.560+0000 I CONTROL  [initandlisten]     target_arch: x86_64
2019-04-11T03:17:08.560+0000 I CONTROL  [initandlisten] options: { processManagement: { fork: true }, storage: { dbPath: "/home/sadam/Node/CSC309/mongo-data/" }, systemLog: { destination: "file", path: "/home/sadam/Node/CSC309/mongo.log" } }
2019-04-11T03:17:08.561+0000 I STORAGE  [initandlisten] Detected data files in /home/sadam/Node/CSC309/mongo-data/ created by the 'wiredTiger' storage engine, so setting the active storage engine to 'wiredTiger'.
2019-04-11T03:17:08.561+0000 I STORAGE  [initandlisten] 
2019-04-11T03:17:08.561+0000 I STORAGE  [initandlisten] ** WARNING: Using the XFS filesystem is strongly recommended with the WiredTiger storage engine
2019-04-11T03:17:08.561+0000 I STORAGE  [initandlisten] **          See http://dochub.mongodb.org/core/prodnotes-filesystem
2019-04-11T03:17:08.561+0000 I STORAGE  [initandlisten] wiredtiger_open config: create,cache_size=1463M,session_max=20000,eviction=(threads_min=4,threads_max=4),config_base=false,statistics=(fast),log=(enabled=true,archive=true,path=journal,compressor=snappy),file_manager=(close_idle_time=100000),statistics_log=(wait=0),verbose=(recovery_progress),
2019-04-11T03:17:09.709+0000 I STORAGE  [initandlisten] WiredTiger message [1554952629:709838][7965:0x7faa9252aa40], txn-recover: Main recovery loop: starting at 1/20992 to 2/256
2019-04-11T03:17:09.840+0000 I STORAGE  [initandlisten] WiredTiger message [1554952629:840475][7965:0x7faa9252aa40], txn-recover: Recovering log 1 through 2
2019-04-11T03:17:09.918+0000 I STORAGE  [initandlisten] WiredTiger message [1554952629:918910][7965:0x7faa9252aa40], txn-recover: Recovering log 2 through 2
2019-04-11T03:17:09.983+0000 I STORAGE  [initandlisten] WiredTiger message [1554952629:983972][7965:0x7faa9252aa40], txn-recover: Set global recovery timestamp: 0
2019-04-11T03:17:09.992+0000 I RECOVERY [initandlisten] WiredTiger recoveryTimestamp. Ts: Timestamp(0, 0)
2019-04-11T03:17:09.998+0000 I CONTROL  [initandlisten] 
2019-04-11T03:17:09.999+0000 I CONTROL  [initandlisten] ** WARNING: Access control is not enabled for the database.
2019-04-11T03:17:09.999+0000 I CONTROL  [initandlisten] **          Read and write access to data and configuration is unrestricted.
2019-04-11T03:17:09.999+0000 I CONTROL  [initandlisten] 
2019-04-11T03:17:09.999+0000 I CONTROL  [initandlisten] ** WARNING: This server is bound to localhost.
2019-04-11T03:17:09.999+0000 I CONTROL  [initandlisten] **          Remote systems will be unable to connect to this server. 
2019-04-11T03:17:09.999+0000 I CONTROL  [initandlisten] **          Start the server with --bind_ip <address> to specify which IP 
2019-04-11T03:17:09.999+0000 I CONTROL  [initandlisten] **          addresses it should serve responses from, or with --bind_ip_all to
2019-04-11T03:17:09.999+0000 I CONTROL  [initandlisten] **          bind to all interfaces. If this behavior is desired, start the
2019-04-11T03:17:09.999+0000 I CONTROL  [initandlisten] **          server with --bind_ip 127.0.0.1 to disable this warning.
2019-04-11T03:17:09.999+0000 I CONTROL  [initandlisten] 
2019-04-11T03:17:10.011+0000 I FTDC     [initandlisten] Initializing full-time diagnostic data capture with directory '/home/sadam/Node/CSC309/mongo-data/diagnostic.data'
2019-04-11T03:17:10.013+0000 I NETWORK  [initandlisten] waiting for connections on port 27017
2019-04-12T00:22:49.596+0000 E STORAGE  [thread1] WiredTiger error (2) [1555028569:596613][7965:0x7faa8a4b7700], log-server: __directory_list_worker, 48: /home/sadam/Node/CSC309/mongo-data//journal: directory-list: opendir: No such file or directory Raw: [1555028569:596613][7965:0x7faa8a4b7700], log-server: __directory_list_worker, 48: /home/sadam/Node/CSC309/mongo-data//journal: directory-list: opendir: No such file or directory
2019-04-12T00:22:49.596+0000 E STORAGE  [thread1] WiredTiger error (2) [1555028569:596746][7965:0x7faa8a4b7700], log-server: __log_prealloc_once, 484: log pre-alloc server error: No such file or directory Raw: [1555028569:596746][7965:0x7faa8a4b7700], log-server: __log_prealloc_once, 484: log pre-alloc server error: No such file or directory
2019-04-12T00:22:49.596+0000 E STORAGE  [thread1] WiredTiger error (2) [1555028569:596769][7965:0x7faa8a4b7700], log-server: __log_server, 1031: log server error: No such file or directory Raw: [1555028569:596769][7965:0x7faa8a4b7700], log-server: __log_server, 1031: log server error: No such file or directory
2019-04-12T00:22:49.596+0000 E STORAGE  [thread1] WiredTiger error (-31804) [1555028569:596797][7965:0x7faa8a4b7700], log-server: __wt_panic, 523: the process must exit and restart: WT_PANIC: WiredTiger library panic Raw: [1555028569:596797][7965:0x7faa8a4b7700], log-server: __wt_panic, 523: the process must exit and restart: WT_PANIC: WiredTiger library panic
2019-04-12T00:22:49.596+0000 F -        [thread1] Fatal Assertion 50853 at src/mongo/db/storage/wiredtiger/wiredtiger_util.cpp 409
2019-04-12T00:22:49.596+0000 F -        [thread1] 

***aborting after fassert() failure


2019-04-12T00:22:49.614+0000 F -        [thread1] Got signal: 6 (Aborted).
 0x561e719deb61 0x561e719ddd79 0x561e719de25d 0x7faa90cbf390 0x7faa90919428 0x7faa9091b02a 0x561e6fff913f 0x561e700f0fa6 0x561e70162f99 0x561e6ff83343 0x561e6ff83763 0x561e701cd282 0x7faa90cb56ba 0x7faa909eb41d
----- BEGIN BACKTRACE -----
{"backtrace":[{"b":"561E6F5E2000","o":"23FCB61","s":"_ZN5mongo15printStackTraceERSo"},{"b":"561E6F5E2000","o":"23FBD79"},{"b":"561E6F5E2000","o":"23FC25D"},{"b":"7FAA90CAE000","o":"11390"},{"b":"7FAA908E4000","o":"35428","s":"gsignal"},{"b":"7FAA908E4000","o":"3702A","s":"abort"},{"b":"561E6F5E2000","o":"A1713F","s":"_ZN5mongo32fassertFailedNoTraceWithLocationEiPKcj"},{"b":"561E6F5E2000","o":"B0EFA6"},{"b":"561E6F5E2000","o":"B80F99"},{"b":"561E6F5E2000","o":"9A1343","s":"__wt_err_func"},{"b":"561E6F5E2000","o":"9A1763","s":"__wt_panic"},{"b":"561E6F5E2000","o":"BEB282"},{"b":"7FAA90CAE000","o":"76BA"},{"b":"7FAA908E4000","o":"10741D","s":"clone"}],"processInfo":{ "mongodbVersion" : "4.0.6", "gitVersion" : "caa42a1f75a56c7643d0b68d3880444375ec42e3", "compiledModules" : [], "uname" : { "sysname" : "Linux", "release" : "4.4.0-141-generic", "version" : "#167-Ubuntu SMP Wed Dec 5 10:40:15 UTC 2018", "machine" : "x86_64" }, "somap" : [ { "b" : "561E6F5E2000", "elfType" : 3, "buildId" : "FAEABC5A7AEF9457109EED554DE5AD1A4812715B" }, { "b" : "7FFC9598C000", "elfType" : 3, "buildId" : "937226BB20C3276922400EE09D268D8E14F8C147" }, { "b" : "7FAA920BF000", "path" : "/usr/lib/x86_64-linux-gnu/libcurl.so.4", "elfType" : 3, "buildId" : "93EA3FEB7AC8F28D7F4F59F5B94226A20A6F9023" }, { "b" : "7FAA91EA4000", "path" : "/lib/x86_64-linux-gnu/libresolv.so.2", "elfType" : 3, "buildId" : "6EF73266978476EF9F2FD2CF31E57F4597CB74F8" }, { "b" : "7FAA91A5F000", "path" : "/lib/x86_64-linux-gnu/libcrypto.so.1.0.0", "elfType" : 3, "buildId" : "15FFEB43278726B025F020862BF51302822A40EC" }, { "b" : "7FAA917F6000", "path" : "/lib/x86_64-linux-gnu/libssl.so.1.0.0", "elfType" : 3, "buildId" : "FF69EA60EBE05F2DD689D2B26FC85A73E5FBC3A0" }, { "b" : "7FAA915F2000", "path" : "/lib/x86_64-linux-gnu/libdl.so.2", "elfType" : 3, "buildId" : "8CC8D0D119B142D839800BFF71FB71E73AEA7BD4" }, { "b" : "7FAA913EA000", "path" : "/lib/x86_64-linux-gnu/librt.so.1", "elfType" : 3, "buildId" : "89C34D7A182387D76D5CDA1F7718F5D58824DFB3" }, { "b" : "7FAA910E1000", "path" : "/lib/x86_64-linux-gnu/libm.so.6", "elfType" : 3, "buildId" : "DFB85DE42DAFFD09640C8FE377D572DE3E168920" }, { "b" : "7FAA90ECB000", "path" : "/lib/x86_64-linux-gnu/libgcc_s.so.1", "elfType" : 3, "buildId" : "68220AE2C65D65C1B6AAA12FA6765A6EC2F5F434" }, { "b" : "7FAA90CAE000", "path" : "/lib/x86_64-linux-gnu/libpthread.so.0", "elfType" : 3, "buildId" : "CE17E023542265FC11D9BC8F534BB4F070493D30" }, { "b" : "7FAA908E4000", "path" : "/lib/x86_64-linux-gnu/libc.so.6", "elfType" : 3, "buildId" : "B5381A457906D279073822A5CEB24C4BFEF94DDB" }, { "b" : "7FAA9232E000", "path" : "/lib64/ld-linux-x86-64.so.2", "elfType" : 3, "buildId" : "5D7B6259552275A3C17BD4C3FD05F5A6BF40CAA5" }, { "b" : "7FAA906B1000", "path" : "/usr/lib/x86_64-linux-gnu/libidn.so.11", "elfType" : 3, "buildId" : "E09D3783AD1D0BBCD3204FA01E4EF6D756E18F57" }, { "b" : "7FAA90495000", "path" : "/usr/lib/x86_64-linux-gnu/librtmp.so.1", "elfType" : 3, "buildId" : "8D1CC1204D6B6D33BD1D2C5A2A0516A2234322CF" }, { "b" : "7FAA9024B000", "path" : "/usr/lib/x86_64-linux-gnu/libgssapi_krb5.so.2", "elfType" : 3, "buildId" : "41971A4A3CCDC54A447F41DF4BD96C948C546E0E" }, { "b" : "7FAA9003C000", "path" : "/usr/lib/x86_64-linux-gnu/liblber-2.4.so.2", "elfType" : 3, "buildId" : "5B146086EC173C299BA45F0C92E068D68CC7AD37" }, { "b" : "7FAA8FDEB000", "path" : "/usr/lib/x86_64-linux-gnu/libldap_r-2.4.so.2", "elfType" : 3, "buildId" : "D02A94DB90567C2C45F40C8565809A041FD22A55" }, { "b" : "7FAA8FBD1000", "path" : "/lib/x86_64-linux-gnu/libz.so.1", "elfType" : 3, "buildId" : "8D9BD4CE26E45EF16075C67D5F5EEAFD8B562832" }, { "b" : "7FAA8F8A1000", "path" : "/usr/lib/x86_64-linux-gnu/libgnutls.so.30", "elfType" : 3, "buildId" : "3CE893F6D1382C2C7648DCCB06E71B1C7E0861CC" }, { "b" : "7FAA8F66E000", "path" : "/usr/lib/x86_64-linux-gnu/libhogweed.so.4", "elfType" : 3, "buildId" : "B11678F560199547DCF726384EA39153EE0DFABF" }, { "b" : "7FAA8F438000", "path" : "/usr/lib/x86_64-linux-gnu/libnettle.so.6", "elfType" : 3, "buildId" : "D6B36C5A463EE0FA84FDD6D5FD3F7726EDB90D54" }, { "b" : "7FAA8F1B8000", "path" : "/usr/lib/x86_64-linux-gnu/libgmp.so.10", "elfType" : 3, "buildId" : "7B3533D5998D20EE1A1BE3F87789B69041E7F620" }, { "b" : "7FAA8EEE6000", "path" : "/usr/lib/x86_64-linux-gnu/libkrb5.so.3", "elfType" : 3, "buildId" : "0EEF7058B0737B68BDF89E5DC604D0AC389C8BB1" }, { "b" : "7FAA8ECB7000", "path" : "/usr/lib/x86_64-linux-gnu/libk5crypto.so.3", "elfType" : 3, "buildId" : "FFBA483A43D9EF73925AC116811890C037523DA1" }, { "b" : "7FAA8EAB3000", "path" : "/lib/x86_64-linux-gnu/libcom_err.so.2", "elfType" : 3, "buildId" : "1E16CB57F699E215A2A8D4EFEF90883BC749B12D" }, { "b" : "7FAA8E8A8000", "path" : "/usr/lib/x86_64-linux-gnu/libkrb5support.so.0", "elfType" : 3, "buildId" : "B789D8D4B4FC333405AB34387D9237F954060EA4" }, { "b" : "7FAA8E68D000", "path" : "/usr/lib/x86_64-linux-gnu/libsasl2.so.2", "elfType" : 3, "buildId" : "87783DF8A1058CD150F8886CB36340384093C18F" }, { "b" : "7FAA8E44C000", "path" : "/usr/lib/x86_64-linux-gnu/libgssapi.so.3", "elfType" : 3, "buildId" : "1FE877BE52A424D0636AFD4D35BB330E41D6E0F3" }, { "b" : "7FAA8E1E8000", "path" : "/usr/lib/x86_64-linux-gnu/libp11-kit.so.0", "elfType" : 3, "buildId" : "A0E2D03FF5CF65937F4425D4EFD4D655243809EB" }, { "b" : "7FAA8DFD5000", "path" : "/usr/lib/x86_64-linux-gnu/libtasn1.so.6", "elfType" : 3, "buildId" : "E07E186694852D8F69459C6AB28A53F8DA3CE3B6" }, { "b" : "7FAA8DDD1000", "path" : "/lib/x86_64-linux-gnu/libkeyutils.so.1", "elfType" : 3, "buildId" : "3364D4BF2113C4E8D17EF533867ECC99A53413D6" }, { "b" : "7FAA8DBC8000", "path" : "/usr/lib/x86_64-linux-gnu/libheimntlm.so.0", "elfType" : 3, "buildId" : "73A8EADBC85860662B24850E71D4AFBE22C33359" }, { "b" : "7FAA8D93E000", "path" : "/usr/lib/x86_64-linux-gnu/libkrb5.so.26", "elfType" : 3, "buildId" : "59E742306A4EA2872E061ECCE92F35FADDA75357" }, { "b" : "7FAA8D69C000", "path" : "/usr/lib/x86_64-linux-gnu/libasn1.so.8", "elfType" : 3, "buildId" : "E5C159E415406AE79D21056D752BA949C408B5B1" }, { "b" : "7FAA8D469000", "path" : "/usr/lib/x86_64-linux-gnu/libhcrypto.so.4", "elfType" : 3, "buildId" : "7D15576E1F096614D360784E4A01A1F5FAF908C9" }, { "b" : "7FAA8D253000", "path" : "/usr/lib/x86_64-linux-gnu/libroken.so.18", "elfType" : 3, "buildId" : "481DB33C28D88E43DA6BED65E1A7599407D4D818" }, { "b" : "7FAA8D04B000", "path" : "/usr/lib/x86_64-linux-gnu/libffi.so.6", "elfType" : 3, "buildId" : "9D9C958F1F4894AFEF6AECD90D1C430EA29AC34F" }, { "b" : "7FAA8CE22000", "path" : "/usr/lib/x86_64-linux-gnu/libwind.so.0", "elfType" : 3, "buildId" : "57E25072866B2D30CF02EBE7AE623B84F96FA700" }, { "b" : "7FAA8CC13000", "path" : "/usr/lib/x86_64-linux-gnu/libheimbase.so.1", "elfType" : 3, "buildId" : "F6F1B4E9F89B716C4A0BA5819BDFFAF4A13EFB91" }, { "b" : "7FAA8C9C8000", "path" : "/usr/lib/x86_64-linux-gnu/libhx509.so.5", "elfType" : 3, "buildId" : "C60082E3BB78D0D42868D9B359B89BF66CE5A1A7" }, { "b" : "7FAA8C6F4000", "path" : "/usr/lib/x86_64-linux-gnu/libsqlite3.so.0", "elfType" : 3, "buildId" : "C646E090F27A5CAEE45AC2BE4EFBC01E550BD27B" }, { "b" : "7FAA8C4BC000", "path" : "/lib/x86_64-linux-gnu/libcrypt.so.1", "elfType" : 3, "buildId" : "7BDD51353D50310FFA1587E4AA01B40ABE32D582" } ] }}
 mongod(_ZN5mongo15printStackTraceERSo+0x41) [0x561e719deb61]
 mongod(+0x23FBD79) [0x561e719ddd79]
 mongod(+0x23FC25D) [0x561e719de25d]
 libpthread.so.0(+0x11390) [0x7faa90cbf390]
 libc.so.6(gsignal+0x38) [0x7faa90919428]
 libc.so.6(abort+0x16A) [0x7faa9091b02a]
 mongod(_ZN5mongo32fassertFailedNoTraceWithLocationEiPKcj+0x0) [0x561e6fff913f]
 mongod(+0xB0EFA6) [0x561e700f0fa6]
 mongod(+0xB80F99) [0x561e70162f99]
 mongod(__wt_err_func+0x90) [0x561e6ff83343]
 mongod(__wt_panic+0x3F) [0x561e6ff83763]
 mongod(+0xBEB282) [0x561e701cd282]
 libpthread.so.0(+0x76BA) [0x7faa90cb56ba]
 libc.so.6(clone+0x6D) [0x7faa909eb41d]
-----  END BACKTRACE  -----
